[debug] [2025-12-19T02:16:17.945Z] ----------------------------------------------------------------------
[debug] [2025-12-19T02:16:17.949Z] Command:       /usr/local/Cellar/node@20/20.19.6/bin/node /usr/local/Cellar/node/25.2.1/bin/firebase deploy --only functions
[debug] [2025-12-19T02:16:17.949Z] CLI Version:   15.0.0
[debug] [2025-12-19T02:16:17.950Z] Platform:      darwin
[debug] [2025-12-19T02:16:17.950Z] Node Version:  v20.19.6
[debug] [2025-12-19T02:16:17.950Z] Time:          Thu Dec 18 2025 21:16:17 GMT-0500 (Eastern Standard Time)
[debug] [2025-12-19T02:16:17.950Z] ----------------------------------------------------------------------
[debug] 
[debug] [2025-12-19T02:16:32.162Z] > command requires scopes: ["email","openid","https://www.googleapis.com/auth/cloudplatformprojects.readonly","https://www.googleapis.com/auth/firebase","https://www.googleapis.com/auth/cloud-platform"]
[debug] [2025-12-19T02:16:32.163Z] > authorizing via signed-in user (dschaaf12@gmail.com)
[debug] [2025-12-19T02:16:32.163Z] [iam] checking project monopoly-banker-2c367 for permissions ["cloudfunctions.functions.create","cloudfunctions.functions.delete","cloudfunctions.functions.get","cloudfunctions.functions.list","cloudfunctions.functions.update","cloudfunctions.operations.get","firebase.projects.get"]
[debug] [2025-12-19T02:16:32.164Z] Checked if tokens are valid: true, expires at: 1766114095796
[debug] [2025-12-19T02:16:32.164Z] Checked if tokens are valid: true, expires at: 1766114095796
[debug] [2025-12-19T02:16:32.166Z] >>> [apiv2][query] POST https://cloudresourcemanager.googleapis.com/v1/projects/monopoly-banker-2c367:testIamPermissions [none]
[debug] [2025-12-19T02:16:32.166Z] >>> [apiv2][(partial)header] POST https://cloudresourcemanager.googleapis.com/v1/projects/monopoly-banker-2c367:testIamPermissions x-goog-quota-user=projects/monopoly-banker-2c367
[debug] [2025-12-19T02:16:32.166Z] >>> [apiv2][body] POST https://cloudresourcemanager.googleapis.com/v1/projects/monopoly-banker-2c367:testIamPermissions {"permissions":["cloudfunctions.functions.create","cloudfunctions.functions.delete","cloudfunctions.functions.get","cloudfunctions.functions.list","cloudfunctions.functions.update","cloudfunctions.operations.get","firebase.projects.get"]}
[debug] [2025-12-19T02:16:32.451Z] <<< [apiv2][status] POST https://cloudresourcemanager.googleapis.com/v1/projects/monopoly-banker-2c367:testIamPermissions 200
[debug] [2025-12-19T02:16:32.451Z] <<< [apiv2][body] POST https://cloudresourcemanager.googleapis.com/v1/projects/monopoly-banker-2c367:testIamPermissions {"permissions":["cloudfunctions.functions.create","cloudfunctions.functions.delete","cloudfunctions.functions.get","cloudfunctions.functions.list","cloudfunctions.functions.update","cloudfunctions.operations.get","firebase.projects.get"]}
[debug] [2025-12-19T02:16:32.451Z] Checked if tokens are valid: true, expires at: 1766114095796
[debug] [2025-12-19T02:16:32.451Z] Checked if tokens are valid: true, expires at: 1766114095796
[debug] [2025-12-19T02:16:32.451Z] >>> [apiv2][query] POST https://iam.googleapis.com/v1/projects/monopoly-banker-2c367/serviceAccounts/monopoly-banker-2c367@appspot.gserviceaccount.com:testIamPermissions [none]
[debug] [2025-12-19T02:16:32.451Z] >>> [apiv2][body] POST https://iam.googleapis.com/v1/projects/monopoly-banker-2c367/serviceAccounts/monopoly-banker-2c367@appspot.gserviceaccount.com:testIamPermissions {"permissions":["iam.serviceAccounts.actAs"]}
[debug] [2025-12-19T02:16:32.762Z] <<< [apiv2][status] POST https://iam.googleapis.com/v1/projects/monopoly-banker-2c367/serviceAccounts/monopoly-banker-2c367@appspot.gserviceaccount.com:testIamPermissions 200
[debug] [2025-12-19T02:16:32.762Z] <<< [apiv2][body] POST https://iam.googleapis.com/v1/projects/monopoly-banker-2c367/serviceAccounts/monopoly-banker-2c367@appspot.gserviceaccount.com:testIamPermissions {"permissions":["iam.serviceAccounts.actAs"]}
[info] 
[info] === Deploying to 'monopoly-banker-2c367'...
[info] 
[info] i  deploying functions 
[info] Running command: npm --prefix "$RESOURCE_DIR" run lint
